<?xml version="1.0" encoding="UTF-8"?>
<!-- Generated by org.testng.reporters.JUnitXMLReporter -->
<testsuite hostname="PC-20170909EZEX" name="regression1" tests="1" failures="0" timestamp="12 Nov 2018 12:57:02 GMT" time="0.0" errors="0">
  <testcase name="@BeforeTest setup" time="0.0" classname="org.webdriver.patatiumwebui.Test.XmTaxTest">
    <failure type="org.testng.TestNGException" message="
Parameter &amp;apos;driver&amp;apos; is required by @Configuration on method setup but has not been marked @Optional or defined
">
      <![CDATA[org.testng.TestNGException: 
Parameter 'driver' is required by @Configuration on method setup but has not been marked @Optional or defined

	at org.webdriver.patatiumwebui.App.run(App.java:135)
	at org.springframework.boot.SpringApplication.callRunner(SpringApplication.java:797)
	at org.springframework.boot.SpringApplication.callRunners(SpringApplication.java:781)
	at org.springframework.boot.SpringApplication.run(SpringApplication.java:335)
	at org.springframework.boot.SpringApplication.run(SpringApplication.java:1255)
	at org.springframework.boot.SpringApplication.run(SpringApplication.java:1243)
	at org.webdriver.patatiumwebui.App.main(App.java:40)
	at org.springframework.boot.devtools.restart.RestartLauncher.run(RestartLauncher.java:49)
... Removed 20 stack frames]]>
    </failure>
  </testcase> <!-- @BeforeTest setup -->
  <testcase name="@AfterTest tearDown" time="0.0" classname="org.webdriver.patatiumwebui.Test.XmTaxTest">
    <skipped/>
  </testcase> <!-- @AfterTest tearDown -->
  <testcase name="run" time="0.0" classname="org.webdriver.patatiumwebui.Test.XmTaxTest">
    <skipped/>
  </testcase> <!-- run -->
</testsuite> <!-- regression1 -->
